# JRE version: OpenJDK Runtime Environment (8.0_152-b01) (build 1.8.0_152-release-915-b01)
# Java VM: OpenJDK 64-Bit Server VM (25.152-b01 mixed mode windows-amd64 compressed oops)
Heap:
 PSYoungGen      total 470016K, used 222200K [0x00000000e0000000, 0x00000000ff980000, 0x0000000100000000)
  eden space 430592K, 47% used [0x00000000e0000000,0x00000000ec8d0420,0x00000000fa480000)
  from space 39424K, 42% used [0x00000000fd300000,0x00000000fe32de98,0x00000000ff980000)
  to   space 43520K, 0% used [0x00000000fa480000,0x00000000fa480000,0x00000000fcf00000)
 ParOldGen       total 260608K, used 179214K [0x00000000a0000000, 0x00000000afe80000, 0x00000000e0000000)
  object space 260608K, 68% used [0x00000000a0000000,0x00000000aaf03b40,0x00000000afe80000)
 Metaspace       used 118216K, capacity 124270K, committed 124376K, reserved 1157120K
  class space    used 14972K, capacity 16271K, committed 16344K, reserved 1048576K
GC Heap History (10 events):
Event: 129.649 GC heap before
{Heap before GC invocations=24 (full 4):
 PSYoungGen      total 313344K, used 297762K [0x00000000e0000000, 0x00000000f7b80000, 0x0000000100000000)
  eden space 272384K, 99% used [0x00000000e0000000,0x00000000f09909a8,0x00000000f0a00000)
  from space 40960K, 63% used [0x00000000f0a00000,0x00000000f2337f68,0x00000000f3200000)
  to   space 41984K, 0% used [0x00000000f5280000,0x00000000f5280000,0x00000000f7b80000)
 ParOldGen       total 260608K, used 139531K [0x00000000a0000000, 0x00000000afe80000, 0x00000000e0000000)
  object space 260608K, 53% used [0x00000000a0000000,0x00000000a8842f18,0x00000000afe80000)
 Metaspace       used 83554K, capacity 88696K, committed 89304K, reserved 1126400K
  class space    used 10916K, capacity 12074K, committed 12248K, reserved 1048576K
Event: 129.665 GC heap after
Heap after GC invocations=24 (full 4):
 PSYoungGen      total 340480K, used 41491K [0x00000000e0000000, 0x00000000fbb80000, 0x0000000100000000)
  eden space 298496K, 0% used [0x00000000e0000000,0x00000000e0000000,0x00000000f2380000)
  from space 41984K, 98% used [0x00000000f5280000,0x00000000f7b04cf0,0x00000000f7b80000)
  to   space 48128K, 0% used [0x00000000f2380000,0x00000000f2380000,0x00000000f5280000)
 ParOldGen       total 260608K, used 139539K [0x00000000a0000000, 0x00000000afe80000, 0x00000000e0000000)
  object space 260608K, 53% used [0x00000000a0000000,0x00000000a8844f18,0x00000000afe80000)
 Metaspace       used 83554K, capacity 88696K, committed 89304K, reserved 1126400K
  class space    used 10916K, capacity 12074K, committed 12248K, reserved 1048576K
}
Event: 142.293 GC heap before
{Heap before GC invocations=25 (full 4):
 PSYoungGen      total 340480K, used 339987K [0x00000000e0000000, 0x00000000fbb80000, 0x0000000100000000)
  eden space 298496K, 100% used [0x00000000e0000000,0x00000000f2380000,0x00000000f2380000)
  from space 41984K, 98% used [0x00000000f5280000,0x00000000f7b04cf0,0x00000000f7b80000)
  to   space 48128K, 0% used [0x00000000f2380000,0x00000000f2380000,0x00000000f5280000)
 ParOldGen       total 260608K, used 139539K [0x00000000a0000000, 0x00000000afe80000, 0x00000000e0000000)
  object space 260608K, 53% used [0x00000000a0000000,0x00000000a8844f18,0x00000000afe80000)
 Metaspace       used 83907K, capacity 89124K, committed 89560K, reserved 1126400K
  class space    used 10936K, capacity 12094K, committed 12248K, reserved 1048576K
Event: 142.312 GC heap after
Heap after GC invocations=25 (full 4):
 PSYoungGen      total 346624K, used 2747K [0x00000000e0000000, 0x00000000fd880000, 0x0000000100000000)
  eden space 298496K, 0% used [0x00000000e0000000,0x00000000e0000000,0x00000000f2380000)
  from space 48128K, 5% used [0x00000000f2380000,0x00000000f262ec18,0x00000000f5280000)
  to   space 48640K, 0% used [0x00000000fa900000,0x00000000fa900000,0x00000000fd880000)
 ParOldGen       total 260608K, used 163929K [0x00000000a0000000, 0x00000000afe80000, 0x00000000e0000000)
  object space 260608K, 62% used [0x00000000a0000000,0x00000000aa016520,0x00000000afe80000)
 Metaspace       used 83907K, capacity 89124K, committed 89560K, reserved 1126400K
  class space    used 10936K, capacity 12094K, committed 12248K, reserved 1048576K
}
Event: 154.125 GC heap before
{Heap before GC invocations=26 (full 4):
 PSYoungGen      total 346624K, used 301243K [0x00000000e0000000, 0x00000000fd880000, 0x0000000100000000)
  eden space 298496K, 100% used [0x00000000e0000000,0x00000000f2380000,0x00000000f2380000)
  from space 48128K, 5% used [0x00000000f2380000,0x00000000f262ec18,0x00000000f5280000)
  to   space 48640K, 0% used [0x00000000fa900000,0x00000000fa900000,0x00000000fd880000)
 ParOldGen       total 260608K, used 163929K [0x00000000a0000000, 0x00000000afe80000, 0x00000000e0000000)
  object space 260608K, 62% used [0x00000000a0000000,0x00000000aa016520,0x00000000afe80000)
 Metaspace       used 98721K, capacity 104504K, committed 104920K, reserved 1140736K
  class space    used 12761K, capacity 13982K, committed 14040K, reserved 1048576K
Event: 154.150 GC heap after
Heap after GC invocations=26 (full 4):
 PSYoungGen      total 419840K, used 24613K [0x00000000e0000000, 0x00000000fd000000, 0x0000000100000000)
  eden space 379904K, 0% used [0x00000000e0000000,0x00000000e0000000,0x00000000f7300000)
  from space 39936K, 61% used [0x00000000fa900000,0x00000000fc109528,0x00000000fd000000)
  to   space 47616K, 0% used [0x00000000f7300000,0x00000000f7300000,0x00000000fa180000)
 ParOldGen       total 260608K, used 165948K [0x00000000a0000000, 0x00000000afe80000, 0x00000000e0000000)
  object space 260608K, 63% used [0x00000000a0000000,0x00000000aa20f198,0x00000000afe80000)
 Metaspace       used 98721K, capacity 104504K, committed 104920K, reserved 1140736K
  class space    used 12761K, capacity 13982K, committed 14040K, reserved 1048576K
}
Event: 155.242 GC heap before
{Heap before GC invocations=27 (full 4):
 PSYoungGen      total 419840K, used 404464K [0x00000000e0000000, 0x00000000fd000000, 0x0000000100000000)
  eden space 379904K, 99% used [0x00000000e0000000,0x00000000f72f2c40,0x00000000f7300000)
  from space 39936K, 61% used [0x00000000fa900000,0x00000000fc109528,0x00000000fd000000)
  to   space 47616K, 0% used [0x00000000f7300000,0x00000000f7300000,0x00000000fa180000)
 ParOldGen       total 260608K, used 165948K [0x00000000a0000000, 0x00000000afe80000, 0x00000000e0000000)
  object space 260608K, 63% used [0x00000000a0000000,0x00000000aa20f198,0x00000000afe80000)
 Metaspace       used 109061K, capacity 114930K, committed 115416K, reserved 1148928K
  class space    used 14175K, capacity 15445K, committed 15576K, reserved 1048576K
Event: 155.268 GC heap after
Heap after GC invocations=27 (full 4):
 PSYoungGen      total 427520K, used 13013K [0x00000000e0000000, 0x0000000100000000, 0x0000000100000000)
  eden space 379904K, 0% used [0x00000000e0000000,0x00000000e0000000,0x00000000f7300000)
  from space 47616K, 27% used [0x00000000f7300000,0x00000000f7fb5538,0x00000000fa180000)
  to   space 46080K, 0% used [0x00000000fd300000,0x00000000fd300000,0x0000000100000000)
 ParOldGen       total 260608K, used 176206K [0x00000000a0000000, 0x00000000afe80000, 0x00000000e0000000)
  object space 260608K, 67% used [0x00000000a0000000,0x00000000aac138f0,0x00000000afe80000)
 Metaspace       used 109061K, capacity 114930K, committed 115416K, reserved 1148928K
  class space    used 14175K, capacity 15445K, committed 15576K, reserved 1048576K
}
Event: 156.016 GC heap before
{Heap before GC invocations=28 (full 4):
 PSYoungGen      total 427520K, used 385034K [0x00000000e0000000, 0x0000000100000000, 0x0000000100000000)
  eden space 379904K, 97% used [0x00000000e0000000,0x00000000f6b4d698,0x00000000f7300000)
  from space 47616K, 27% used [0x00000000f7300000,0x00000000f7fb5538,0x00000000fa180000)
  to   space 46080K, 0% used [0x00000000fd300000,0x00000000fd300000,0x0000000100000000)
 ParOldGen       total 260608K, used 176206K [0x00000000a0000000, 0x00000000afe80000, 0x00000000e0000000)
  object space 260608K, 67% used [0x00000000a0000000,0x00000000aac138f0,0x00000000afe80000)
 Metaspace       used 111772K, capacity 117832K, committed 117976K, reserved 1150976K
  class space    used 14424K, capacity 15734K, committed 15832K, reserved 1048576K
Event: 156.036 GC heap after
Heap after GC invocations=28 (full 4):
 PSYoungGen      total 470016K, used 16567K [0x00000000e0000000, 0x00000000ff980000, 0x0000000100000000)
  eden space 430592K, 0% used [0x00000000e0000000,0x00000000e0000000,0x00000000fa480000)
  from space 39424K, 42% used [0x00000000fd300000,0x00000000fe32de98,0x00000000ff980000)
  to   space 43520K, 0% used [0x00000000fa480000,0x00000000fa480000,0x00000000fcf00000)
 ParOldGen       total 260608K, used 179214K [0x00000000a0000000, 0x00000000afe80000, 0x00000000e0000000)
  object space 260608K, 68% used [0x00000000a0000000,0x00000000aaf03b40,0x00000000afe80000)
 Metaspace       used 111772K, capacity 117832K, committed 117976K, reserved 1150976K
  class space    used 14424K, capacity 15734K, committed 15832K, reserved 1048576K
}

